<?xml version="1.0" encoding="UTF-8"?>
<!-- Generated by org.testng.reporters.JUnitReportReporter -->
<testsuite hostname="LAPTOP-O1ADAID9" failures="0" tests="1" name="TestNG_Parameters.C2_Multiply" time="0.002" errors="0" timestamp="2023-06-19T14:21:16 GMT-04:00" skipped="0">
  <testcase classname="TestNG_Parameters.C2_Multiply" name="mul" time="0.002"/>
  <system-out/>
</testsuite> <!-- TestNG_Parameters.C2_Multiply -->
