<?xml version="1.0" encoding="UTF-8"?>
<!-- Generated by org.testng.reporters.JUnitReportReporter -->
<testsuite hostname="LAPTOP-O1ADAID9" failures="0" tests="3" name="TestNG_DependsOn.DependsonGroups" time="0.008" errors="0" timestamp="2023-06-19T14:06:49 GMT-04:00" skipped="0">
  <testcase classname="TestNG_DependsOn.DependsonGroups" name="OpenBrowser" time="0.001"/>
  <system-out/>
  <testcase classname="TestNG_DependsOn.DependsonGroups" name="ViewAcc" time="0.001"/>
  <system-out/>
  <testcase classname="TestNG_DependsOn.DependsonGroups" name="LogIn" time="0.006"/>
  <system-out/>
</testsuite> <!-- TestNG_DependsOn.DependsonGroups -->
