<?xml version="1.0" encoding="UTF-8"?>
<!-- Generated by org.testng.reporters.JUnitReportReporter -->
<testsuite hostname="LAPTOP-O1ADAID9" failures="0" tests="2" name="TestNG_Parameters.C1_Params" time="0.008" errors="0" timestamp="2023-06-19T14:21:16 GMT-04:00" skipped="0">
  <testcase classname="TestNG_Parameters.C1_Params" name="Sum" time="0.007"/>
  <system-out/>
  <testcase classname="TestNG_Parameters.C1_Params" name="Diff" time="0.001"/>
  <system-out/>
</testsuite> <!-- TestNG_Parameters.C1_Params -->
