<?xml version="1.0" encoding="UTF-8"?>
<!-- Generated by org.testng.reporters.JUnitReportReporter -->
<testsuite hostname="LAPTOP-O1ADAID9" failures="0" tests="2" name="TestNG_Parameters.C4_InheritedDataProvider" time="0.009" errors="0" timestamp="2023-02-15T19:49:53 GMT-05:00" skipped="0">
  <testcase classname="TestNG_Parameters.C4_InheritedDataProvider" name="myTest" time="0.001"/>
  <system-out/>
  <testcase classname="TestNG_Parameters.C4_InheritedDataProvider" name="myTest" time="0.008"/>
  <system-out/>
</testsuite> <!-- TestNG_Parameters.C4_InheritedDataProvider -->
