<?xml version="1.0" encoding="UTF-8"?>
<!-- Generated by org.testng.reporters.JUnitReportReporter -->
<testsuite hostname="LAPTOP-O1ADAID9" failures="0" tests="3" name="TestNG.Enabled" time="0.008" errors="0" timestamp="2023-06-19T14:05:24 GMT-04:00" skipped="1">
  <testcase classname="TestNG.Enabled" name="OpenBrowser" time="0.007"/>
  <system-out/>
  <testcase classname="TestNG.Enabled" name="CloseBrowser" time="0.001"/>
  <system-out/>
  <testcase classname="TestNG.Enabled" name="AccountTest">
    <skipped/>
  </testcase> <!-- AccountTest -->
  <system-out/>
</testsuite> <!-- TestNG.Enabled -->
