<?xml version="1.0" encoding="UTF-8"?>
<!-- Generated by org.testng.reporters.JUnitReportReporter -->
<testsuite hostname="LAPTOP-O1ADAID9" failures="0" tests="1" name="TestNG_Grouping.Personal_loan" time="0.009" errors="0" timestamp="2023-02-15T11:41:14 GMT-05:00" skipped="0">
  <testcase classname="TestNG_Grouping.Personal_loan" name="WebLoginPersonalLoan" time="0.009"/>
  <system-out/>
</testsuite> <!-- TestNG_Grouping.Personal_loan -->
