<?xml version="1.0" encoding="UTF-8"?>
<!-- Generated by org.testng.reporters.JUnitReportReporter -->
<testsuite hostname="LAPTOP-O1ADAID9" failures="0" tests="2" name="TestNG.Annotations" time="0.010" errors="0" timestamp="2023-02-15T17:28:22 GMT-05:00" skipped="0">
  <testcase classname="TestNG.Annotations" name="f2" time="0.008"/>
  <system-out/>
  <testcase classname="TestNG.Annotations" name="f" time="0.002"/>
  <system-out/>
</testsuite> <!-- TestNG.Annotations -->
