<?xml version="1.0" encoding="UTF-8"?>
<!-- Generated by org.testng.reporters.JUnitReportReporter -->
<testsuite hostname="LAPTOP-O1ADAID9" failures="0" tests="1" name="TestNG_Inheritance.SuperClass" time="0.013" errors="0" timestamp="2023-02-15T13:48:40 GMT-05:00" skipped="0">
  <testcase classname="TestNG_Inheritance.SuperClass" name="OpenBrowser" time="0.013"/>
  <system-out/>
</testsuite> <!-- TestNG_Inheritance.SuperClass -->
