<?xml version="1.0" encoding="UTF-8"?>
<!-- Generated by org.testng.reporters.JUnitReportReporter -->
<testsuite hostname="LAPTOP-O1ADAID9" failures="0" tests="2" name="TestNG_Grouping.Car_loan" time="0.004" errors="0" timestamp="2023-02-15T12:39:40 GMT-05:00" skipped="0">
  <testcase classname="TestNG_Grouping.Car_loan" name="MobileLoginCarLoan" time="0.002"/>
  <system-out/>
  <testcase classname="TestNG_Grouping.Car_loan" name="WebLoginCarLoan" time="0.002"/>
  <system-out/>
</testsuite> <!-- TestNG_Grouping.Car_loan -->
