<?xml version="1.0" encoding="UTF-8"?>
<!-- Generated by org.testng.reporters.JUnitReportReporter -->
<testsuite hostname="LAPTOP-O1ADAID9" failures="0" tests="2" name="TestNG.CrossBrowserTesting" time="0.042" errors="0" timestamp="2023-03-23T17:05:05 GMT-04:00" skipped="0">
  <testcase classname="TestNG.CrossBrowserTesting" name="login" time="0.028"/>
  <system-out/>
  <testcase classname="TestNG.CrossBrowserTesting" name="login" time="0.014"/>
  <system-out/>
</testsuite> <!-- TestNG.CrossBrowserTesting -->
