<?xml version="1.0" encoding="UTF-8"?>
<!-- Generated by org.testng.reporters.JUnitReportReporter -->
<testsuite hostname="LAPTOP-O1ADAID9" failures="0" tests="2" name="TestNG_Parameters.Params" time="0.016" errors="0" timestamp="2023-02-15T18:26:14 GMT-05:00" skipped="0">
  <testcase classname="TestNG_Parameters.Params" name="Sum" time="0.002"/>
  <system-out/>
  <testcase classname="TestNG_Parameters.Params" name="Diff" time="0.014"/>
  <system-out/>
</testsuite> <!-- TestNG_Parameters.Params -->
