<?xml version="1.0" encoding="UTF-8"?>
<!-- Generated by org.testng.reporters.JUnitReportReporter -->
<testsuite hostname="LAPTOP-O1ADAID9" failures="0" tests="2" name="TestNG_Inheritance.InheritedDependencyTest" time="0.002" errors="0" timestamp="2023-06-19T14:20:25 GMT-04:00" skipped="0">
  <testcase classname="TestNG_Inheritance.InheritedDependencyTest" name="LogIn" time="0.001"/>
  <system-out/>
  <testcase classname="TestNG_Inheritance.InheritedDependencyTest" name="OpenBrowser" time="0.001"/>
  <system-out/>
</testsuite> <!-- TestNG_Inheritance.InheritedDependencyTest -->
