<?xml version="1.0" encoding="UTF-8"?>
<!-- Generated by org.testng.reporters.JUnitReportReporter -->
<testsuite hostname="LAPTOP-O1ADAID9" failures="0" tests="1" name="TestNG.TC1_FirstTC" time="3.323" errors="0" timestamp="2023-02-16T11:36:59 GMT-05:00" skipped="0">
  <testcase classname="TestNG.TC1_FirstTC" name="f" time="3.323"/>
  <system-out/>
</testsuite> <!-- TestNG.TC1_FirstTC -->
