<?xml version="1.0" encoding="UTF-8"?>
<!-- Generated by org.testng.reporters.JUnitReportReporter -->
<testsuite hostname="LAPTOP-O1ADAID9" failures="0" tests="1" name="TestNG.TC1_FirstTC" time="6.094" errors="0" timestamp="2023-06-19T14:06:01 GMT-04:00" skipped="0">
  <testcase classname="TestNG.TC1_FirstTC" name="f" time="6.094"/>
  <system-out/>
</testsuite> <!-- TestNG.TC1_FirstTC -->
