<?xml version="1.0" encoding="UTF-8"?>
<!-- Generated by org.testng.reporters.JUnitReportReporter -->
<testsuite hostname="LAPTOP-O1ADAID9" failures="0" tests="3" name="TestNG_Grouping.Home_loan" time="0.005" errors="0" timestamp="2023-02-15T11:56:24 GMT-05:00" skipped="0">
  <testcase classname="TestNG_Grouping.Home_loan" name="MobileLoginHomeLoan" time="0.001"/>
  <system-out/>
  <testcase classname="TestNG_Grouping.Home_loan" name="APILoginHomeLoan" time="0.002"/>
  <system-out/>
  <testcase classname="TestNG_Grouping.Home_loan" name="WebLoginHomeLoan" time="0.002"/>
  <system-out/>
</testsuite> <!-- TestNG_Grouping.Home_loan -->
