<?xml version="1.0" encoding="UTF-8"?>
<!-- Generated by org.testng.reporters.JUnitReportReporter -->
<testsuite hostname="LAPTOP-O1ADAID9" failures="0" tests="3" name="TestNG.Asserts" time="5.412" errors="0" timestamp="2023-06-19T13:46:34 GMT-04:00" skipped="0">
  <testcase classname="TestNG.Asserts" name="OpenBrowser" time="5.272"/>
  <system-out>
    <![CDATA[I am coming from Reporter Class of TestNG...This test verifies the current selenium compatibility with TestNG by launching the chrome driver
Launching Google Chrome Driver version 81 for this test
The website used was DemoQA for this test]]>
  </system-out>
  <testcase classname="TestNG.Asserts" name="LastMethod" time="0.002"/>
  <system-out>
    <![CDATA[I am in LastMethod]]>
  </system-out>
  <testcase classname="TestNG.Asserts" name="CloseBrowser" time="0.138"/>
  <system-out>
    <![CDATA[Driver Closed After Testing]]>
  </system-out>
</testsuite> <!-- TestNG.Asserts -->
