<?xml version="1.0" encoding="UTF-8"?>
<!-- Generated by org.testng.reporters.JUnitReportReporter -->
<testsuite hostname="LAPTOP-O1ADAID9" failures="0" tests="2" name="TestNG_Listeners.InvokedMethodListenersTest" time="0.008" errors="0" timestamp="2023-02-21T14:23:50 GMT-05:00" skipped="0">
  <testcase classname="TestNG_Listeners.InvokedMethodListenersTest" name="test1" time="0.006"/>
  <system-out/>
  <testcase classname="TestNG_Listeners.InvokedMethodListenersTest" name="test2" time="0.002"/>
  <system-out/>
</testsuite> <!-- TestNG_Listeners.InvokedMethodListenersTest -->
