<?xml version="1.0" encoding="UTF-8"?>
<!-- Generated by org.testng.reporters.JUnitReportReporter -->
<testsuite hostname="LAPTOP-O1ADAID9" failures="0" tests="2" name="TestNG.Annotations" time="0.004" errors="0" timestamp="2023-06-19T12:03:52 GMT-04:00" skipped="0">
  <testcase classname="TestNG.Annotations" name="f2" time="0.004"/>
  <system-out/>
  <testcase classname="TestNG.Annotations" name="f" time="0.000"/>
  <system-out/>
</testsuite> <!-- TestNG.Annotations -->
