<?xml version="1.0" encoding="UTF-8"?>
<!-- Generated by org.testng.reporters.JUnitReportReporter -->
<testsuite hostname="LAPTOP-O1ADAID9" failures="0" tests="2" name="TestNG_Grouping.Personal_loan" time="0.012" errors="0" timestamp="2023-02-15T12:39:40 GMT-05:00" skipped="0">
  <testcase classname="TestNG_Grouping.Personal_loan" name="MobileLoginPersonalLoan" time="0.001"/>
  <system-out/>
  <testcase classname="TestNG_Grouping.Personal_loan" name="APILoginPersonalLoan" time="0.011"/>
  <system-out/>
</testsuite> <!-- TestNG_Grouping.Personal_loan -->
