<?xml version="1.0" encoding="UTF-8"?>
<!-- Generated by org.testng.reporters.JUnitReportReporter -->
<testsuite hostname="LAPTOP-O1ADAID9" failures="0" tests="3" name="TestNG_DependsOn.DependsOnTest" time="0.012" errors="0" timestamp="2023-02-15T13:20:33 GMT-05:00" skipped="0">
  <testcase classname="TestNG_DependsOn.DependsOnTest" name="OpenBrowser" time="0.009"/>
  <system-out/>
  <testcase classname="TestNG_DependsOn.DependsOnTest" name="SignIn" time="0.002"/>
  <system-out/>
  <testcase classname="TestNG_DependsOn.DependsOnTest" name="LogOut" time="0.001"/>
  <system-out/>
</testsuite> <!-- TestNG_DependsOn.DependsOnTest -->
