<?xml version="1.0" encoding="UTF-8"?>
<!-- Generated by org.testng.reporters.JUnitReportReporter -->
<testsuite hostname="LAPTOP-O1ADAID9" failures="0" tests="2" name="TestNG.CrossBrowserTesting" time="0.176" errors="0" timestamp="2023-02-20T19:30:27 GMT-05:00" skipped="0">
  <testcase classname="TestNG.CrossBrowserTesting" name="login" time="0.090"/>
  <system-out/>
  <testcase classname="TestNG.CrossBrowserTesting" name="login" time="0.086"/>
  <system-out/>
</testsuite> <!-- TestNG.CrossBrowserTesting -->
