<?xml version="1.0" encoding="UTF-8"?>
<!-- Generated by org.testng.reporters.JUnitReportReporter -->
<testsuite hostname="LAPTOP-O1ADAID9" failures="0" tests="3" name="TestNG_Grouping.Car_loan" time="0.003" errors="0" timestamp="2023-02-15T11:56:24 GMT-05:00" skipped="0">
  <testcase classname="TestNG_Grouping.Car_loan" name="WebLoginCarLoan" time="0.000"/>
  <system-out/>
  <testcase classname="TestNG_Grouping.Car_loan" name="APILoginCarLoan" time="0.001"/>
  <system-out/>
  <testcase classname="TestNG_Grouping.Car_loan" name="MobileLoginCarLoan" time="0.002"/>
  <system-out/>
</testsuite> <!-- TestNG_Grouping.Car_loan -->
