<?xml version="1.0" encoding="UTF-8"?>
<!-- Generated by org.testng.reporters.JUnitReportReporter -->
<testsuite hostname="LAPTOP-O1ADAID9" failures="0" tests="2" name="TestNG_IInvokedMethodListener.TestNGClass" time="0.009" errors="0" timestamp="2023-06-19T14:19:29 GMT-04:00" skipped="0">
  <testcase classname="TestNG_IInvokedMethodListener.TestNGClass" name="test1" time="0.007"/>
  <system-out/>
  <testcase classname="TestNG_IInvokedMethodListener.TestNGClass" name="test2" time="0.002"/>
  <system-out/>
</testsuite> <!-- TestNG_IInvokedMethodListener.TestNGClass -->
