<?xml version="1.0" encoding="UTF-8"?>
<!-- Generated by org.testng.reporters.JUnitReportReporter -->
<testsuite hostname="LAPTOP-O1ADAID9" failures="0" tests="3" name="TestNG_DependsOn.DependsOnMultipleMethods" time="0.009" errors="0" timestamp="2023-06-19T14:11:32 GMT-04:00" skipped="0">
  <testcase classname="TestNG_DependsOn.DependsOnMultipleMethods" name="SignIn" time="0.001"/>
  <system-out/>
  <testcase classname="TestNG_DependsOn.DependsOnMultipleMethods" name="LogOut" time="0.001"/>
  <system-out/>
  <testcase classname="TestNG_DependsOn.DependsOnMultipleMethods" name="OpenBrowser" time="0.007"/>
  <system-out/>
</testsuite> <!-- TestNG_DependsOn.DependsOnMultipleMethods -->
