<?xml version="1.0" encoding="UTF-8"?>
<!-- Generated by org.testng.reporters.JUnitReportReporter -->
<testsuite hostname="LAPTOP-O1ADAID9" failures="0" tests="3" name="TestNG_Annotations.hr_department" time="0.005" errors="0" timestamp="2023-02-15T11:56:33 GMT-05:00" skipped="0">
  <testcase classname="TestNG_Annotations.hr_department" name="hr" time="0.002"/>
  <system-out/>
  <testcase classname="TestNG_Annotations.hr_department" name="manager" time="0.002"/>
  <system-out/>
  <testcase classname="TestNG_Annotations.hr_department" name="counsellor" time="0.001"/>
  <system-out/>
</testsuite> <!-- TestNG_Annotations.hr_department -->
