<?xml version="1.0" encoding="UTF-8"?>
<!-- Generated by org.testng.reporters.JUnitReportReporter -->
<testsuite hostname="LAPTOP-O1ADAID9" failures="0" tests="3" name="TestNG_Parameters.TestNGDataProvider" time="0.010" errors="0" timestamp="2023-02-15T19:43:11 GMT-05:00" skipped="0">
  <testcase classname="TestNG_Parameters.TestNGDataProvider" name="myTest" time="0.001"/>
  <system-out/>
  <testcase classname="TestNG_Parameters.TestNGDataProvider" name="myTest" time="0.002"/>
  <system-out/>
  <testcase classname="TestNG_Parameters.TestNGDataProvider" name="myTest" time="0.007"/>
  <system-out/>
</testsuite> <!-- TestNG_Parameters.TestNGDataProvider -->
