<?xml version="1.0" encoding="UTF-8"?>
<!-- Generated by org.testng.reporters.JUnitReportReporter -->
<testsuite hostname="LAPTOP-O1ADAID9" failures="0" tests="1" name="TestNG_Grouping.Personal_loan" time="0.012" errors="0" timestamp="2023-02-15T16:55:17 GMT-05:00" skipped="0">
  <testcase classname="TestNG_Grouping.Personal_loan" name="WebLoginPersonalLoan" time="0.012"/>
  <system-out>
    <![CDATA[Personal Loan - Smoke Test]]>
  </system-out>
</testsuite> <!-- TestNG_Grouping.Personal_loan -->
