<?xml version="1.0" encoding="UTF-8"?>
<!-- Generated by org.testng.reporters.JUnitReportReporter -->
<testsuite hostname="LAPTOP-O1ADAID9" failures="0" tests="2" name="TestNG.CrossBrowserTesting" time="0.207" errors="0" timestamp="2023-03-07T10:46:54 GMT-05:00" skipped="0">
  <testcase classname="TestNG.CrossBrowserTesting" name="login" time="0.041"/>
  <system-out/>
  <testcase classname="TestNG.CrossBrowserTesting" name="login" time="0.166"/>
  <system-out/>
</testsuite> <!-- TestNG.CrossBrowserTesting -->
