<?xml version="1.0" encoding="UTF-8"?>
<!-- Generated by org.testng.reporters.JUnitReportReporter -->
<testsuite hostname="LAPTOP-O1ADAID9" failures="0" tests="4" name="TestNG_Grouping.GroupDependency" time="0.015" errors="0" timestamp="2023-02-15T14:05:25 GMT-05:00" skipped="0">
  <testcase classname="TestNG_Grouping.GroupDependency" name="CloseAccount" time="0.001"/>
  <system-out/>
  <testcase classname="TestNG_Grouping.GroupDependency" name="OpenBrowser" time="0.010"/>
  <system-out/>
  <testcase classname="TestNG_Grouping.GroupDependency" name="LogIn" time="0.002"/>
  <system-out/>
  <testcase classname="TestNG_Grouping.GroupDependency" name="ViewAcc" time="0.002"/>
  <system-out/>
</testsuite> <!-- TestNG_Grouping.GroupDependency -->
