<?xml version="1.0" encoding="UTF-8"?>
<!-- Generated by org.testng.reporters.JUnitReportReporter -->
<testsuite hostname="LAPTOP-O1ADAID9" failures="0" tests="3" name="TestNG_Annotations.it_department" time="0.016" errors="0" timestamp="2023-02-15T12:29:11 GMT-05:00" skipped="0">
  <testcase classname="TestNG_Annotations.it_department" name="software_developers" time="0.002"/>
  <system-out/>
  <testcase classname="TestNG_Annotations.it_department" name="software_testers" time="0.002"/>
  <system-out/>
  <testcase classname="TestNG_Annotations.it_department" name="qa_analyst" time="0.012"/>
  <system-out/>
</testsuite> <!-- TestNG_Annotations.it_department -->
