<?xml version="1.0" encoding="UTF-8"?>
<!-- Generated by org.testng.reporters.JUnitReportReporter -->
<testsuite hostname="LAPTOP-O1ADAID9" failures="0" tests="1" name="TestNG_Grouping.Home_loan" time="0.002" errors="0" timestamp="2023-02-15T16:55:17 GMT-05:00" skipped="0">
  <testcase classname="TestNG_Grouping.Home_loan" name="MobileLoginHomeLoan" time="0.002"/>
  <system-out>
    <![CDATA[Home Loan - Smoke Test]]>
  </system-out>
</testsuite> <!-- TestNG_Grouping.Home_loan -->
