<?xml version="1.0" encoding="UTF-8"?>
<!-- Generated by org.testng.reporters.JUnitReportReporter -->
<testsuite hostname="LAPTOP-O1ADAID9" failures="0" tests="1" name="TestNG_Parameters.C2_Multiply" time="0.001" errors="0" timestamp="2023-02-15T19:48:54 GMT-05:00" skipped="0">
  <testcase classname="TestNG_Parameters.C2_Multiply" name="mul" time="0.001"/>
  <system-out/>
</testsuite> <!-- TestNG_Parameters.C2_Multiply -->
