<?xml version="1.0" encoding="UTF-8"?>
<!-- Generated by org.testng.reporters.JUnitReportReporter -->
<testsuite hostname="LAPTOP-O1ADAID9" failures="0" tests="3" name="TestNG.Enabled" time="0.011" errors="0" timestamp="2023-02-15T20:27:29 GMT-05:00" skipped="1">
  <testcase classname="TestNG.Enabled" name="OpenBrowser" time="0.009"/>
  <system-out/>
  <testcase classname="TestNG.Enabled" name="CloseBrowser" time="0.002"/>
  <system-out/>
  <testcase classname="TestNG.Enabled" name="AccountTest">
    <skipped/>
  </testcase> <!-- AccountTest -->
  <system-out/>
</testsuite> <!-- TestNG.Enabled -->
